<?xml version="1.0" encoding="UTF-8"?>
<testng-results skipped="0" failed="0" total="1" passed="1">
  <reporter-output>
  </reporter-output>
  <suite name="Suite" duration-ms="84790" started-at="2019-11-16T09:07:01Z" finished-at="2019-11-16T09:08:26Z">
    <groups>
    </groups>
    <test name="Login_TestCase" duration-ms="84790" started-at="2019-11-16T09:07:01Z" finished-at="2019-11-16T09:08:26Z">
      <class name="com.eit.stepdefinition.stepDefinition">
        <test-method status="PASS" signature="browse()[pri:0, instance:com.eit.stepdefinition.stepDefinition@5a39699c]" name="browse" is-config="true" duration-ms="19762" started-at="2019-11-16T14:37:01Z" finished-at="2019-11-16T14:37:21Z">
          <reporter-output>
          </reporter-output>
        </test-method> <!-- browse -->
        <test-method status="PASS" signature="Arabic_forgetpassword_with_incorrect_password_and_valid_password()[pri:28, instance:com.eit.stepdefinition.stepDefinition@5a39699c]" name="Arabic_forgetpassword_with_incorrect_password_and_valid_password" duration-ms="64800" started-at="2019-11-16T14:37:21Z" finished-at="2019-11-16T14:38:26Z">
          <reporter-output>
          </reporter-output>
        </test-method> <!-- Arabic_forgetpassword_with_incorrect_password_and_valid_password -->
        <test-method status="PASS" signature="close()[pri:0, instance:com.eit.stepdefinition.stepDefinition@5a39699c]" name="close" is-config="true" duration-ms="194" started-at="2019-11-16T14:38:26Z" finished-at="2019-11-16T14:38:26Z">
          <reporter-output>
          </reporter-output>
        </test-method> <!-- close -->
      </class> <!-- com.eit.stepdefinition.stepDefinition -->
    </test> <!-- Login_TestCase -->
  </suite> <!-- Suite -->
</testng-results>
